<?xml version="1.0" encoding="UTF-8"?>
<!-- Generated by org.testng.reporters.JUnitReportReporter -->
<testsuite hostname="HARSHITA" failures="0" tests="1" name="dropDown.SelectFaceBookDropDown3" time="1.571" errors="0" timestamp="12 Aug 2018 17:41:41 GMT" skipped="0">
  <testcase classname="dropDown.SelectFaceBookDropDown3" name="SelectDDValues" time="1.571"/>
</testsuite> <!-- dropDown.SelectFaceBookDropDown3 -->
