<?xml version="1.0" encoding="UTF-8"?>
<!-- Generated by org.testng.reporters.JUnitReportReporter -->
<testsuite hostname="HARSHITA" failures="0" tests="1" name="dropDown.SelectFaceBookDropDown" time="5.242" errors="0" timestamp="12 Aug 2018 17:02:38 GMT" skipped="0">
  <testcase classname="dropDown.SelectFaceBookDropDown" name="SelectDDValues" time="5.242"/>
</testsuite> <!-- dropDown.SelectFaceBookDropDown -->
