<?xml version="1.0" encoding="UTF-8"?>
<!-- Generated by org.testng.reporters.JUnitReportReporter -->
<testsuite hostname="HARSHITA" failures="0" tests="1" name="dropDown.Assert_DropDown_fb" time="1.554" errors="0" timestamp="13 Aug 2018 01:18:20 GMT" skipped="0">
  <testcase classname="dropDown.Assert_DropDown_fb" name="SelectDDValues" time="1.554"/>
</testsuite> <!-- dropDown.Assert_DropDown_fb -->
